  dafu_red.cpp
e:\rm\tx2\2019_win_dafu\dafu\dafu\dafu_red.cpp(64): warning C4244: “参数”: 从“_Tp”转换到“float”，可能丢失数据
          with
          [
              _Tp=int
          ]
e:\rm\tx2\2019_win_dafu\dafu\dafu\dafu_red.cpp(81): warning C4244: “=”: 从“int”转换到“_Tp”，可能丢失数据
          with
          [
              _Tp=float
          ]
e:\rm\tx2\2019_win_dafu\dafu\dafu\dafu_red.cpp(82): warning C4244: “=”: 从“int”转换到“_Tp”，可能丢失数据
          with
          [
              _Tp=float
          ]
e:\rm\tx2\2019_win_dafu\dafu\dafu\dafu_red.cpp(102): warning C4244: “初始化”: 从“double”转换到“int”，可能丢失数据
e:\rm\tx2\2019_win_dafu\dafu\dafu\dafu_red.cpp(103): warning C4244: “参数”: 从“double”转换到“_Tp”，可能丢失数据
          with
          [
              _Tp=int
          ]
e:\rm\tx2\2019_win_dafu\dafu\dafu\dafu_red.cpp(270): warning C4244: “=”: 从“double”转换到“float”，可能丢失数据
e:\rm\tx2\2019_win_dafu\dafu\dafu\dafu_red.cpp(326): warning C4244: “参数”: 从“_Tp”转换到“_Tp”，可能丢失数据
          with
          [
              _Tp=float
          ]
          and
          [
              _Tp=int
          ]
  正在生成代码
  2 of 262 functions ( 0.8%) were compiled, the rest were copied from previous compilation.
    1 functions were new in current compilation
    1 functions had inline decision re-evaluated but remain unchanged
  已完成代码的生成
  dafu.vcxproj -> E:\RM\tx2\2019_win_dafu\dafu\x64\Release\dafu.exe
